2018-09-08T12:28:09+00:00 CRITICAL Maximum execution time of 90 seconds exceeded

2018-09-08T12:28:09+00:00 CRITICAL Maximum execution time of 90 seconds exceeded

2018-09-08T12:28:09+00:00 CRITICAL Maximum execution time of 90 seconds exceeded

2018-09-08T12:28:09+00:00 CRITICAL Maximum execution time of 90 seconds exceeded

2018-09-08T12:28:10+00:00 CRITICAL Maximum execution time of 90 seconds exceeded

2018-09-08T12:28:10+00:00 CRITICAL Maximum execution time of 90 seconds exceeded

2018-09-08T12:28:10+00:00 CRITICAL Maximum execution time of 90 seconds exceeded

2018-09-08T12:31:10+00:00 CRITICAL Maximum execution time of 90 seconds exceeded

2018-09-08T13:05:24+00:00 CRITICAL Maximum execution time of 90 seconds exceeded

2018-09-08T13:06:19+00:00 CRITICAL Maximum execution time of 300 seconds exceeded

2018-09-08T13:06:20+00:00 CRITICAL Maximum execution time of 90 seconds exceeded

2018-09-08T13:06:21+00:00 CRITICAL Maximum execution time of 90 seconds exceeded

2018-09-08T13:06:21+00:00 CRITICAL Maximum execution time of 90 seconds exceeded

2018-09-08T13:06:21+00:00 CRITICAL Maximum execution time of 90 seconds exceeded

2018-09-08T13:06:22+00:00 CRITICAL Maximum execution time of 90 seconds exceeded

2018-09-08T13:06:22+00:00 CRITICAL Maximum execution time of 90 seconds exceeded

2018-09-08T13:06:23+00:00 CRITICAL Maximum execution time of 90 seconds exceeded

2018-09-08T13:06:23+00:00 CRITICAL Maximum execution time of 90 seconds exceeded

2018-09-08T13:06:23+00:00 CRITICAL Maximum execution time of 90 seconds exceeded

2018-09-08T13:06:24+00:00 CRITICAL Maximum execution time of 90 seconds exceeded

2018-09-08T13:06:24+00:00 CRITICAL Maximum execution time of 90 seconds exceeded

2018-09-08T13:06:24+00:00 CRITICAL Maximum execution time of 90 seconds exceeded

2018-09-08T13:06:24+00:00 CRITICAL Maximum execution time of 90 seconds exceeded

2018-09-08T13:06:25+00:00 CRITICAL Maximum execution time of 90 seconds exceeded

2018-09-08T13:06:25+00:00 CRITICAL Maximum execution time of 90 seconds exceeded

2018-09-08T13:06:25+00:00 CRITICAL Maximum execution time of 90 seconds exceeded

2018-09-08T13:06:26+00:00 CRITICAL Maximum execution time of 90 seconds exceeded

2018-09-08T13:08:02+00:00 CRITICAL Maximum execution time of 90 seconds exceeded

2018-09-08T13:08:46+00:00 CRITICAL Maximum execution time of 90 seconds exceeded

2018-09-08T13:36:40+00:00 CRITICAL Maximum execution time of 90 seconds exceeded

2018-09-08T13:36:45+00:00 CRITICAL Maximum execution time of 90 seconds exceeded

2018-09-08T13:43:49+00:00 CRITICAL Maximum execution time of 90 seconds exceeded

2018-09-08T13:48:32+00:00 CRITICAL Maximum execution time of 90 seconds exceeded

2018-09-08T16:33:55+00:00 CRITICAL Maximum execution time of 90 seconds exceeded

2018-09-08T18:35:54+00:00 CRITICAL Maximum execution time of 90 seconds exceeded

2018-09-08T18:42:20+00:00 CRITICAL Maximum execution time of 90 seconds exceeded

2018-09-08T18:49:28+00:00 CRITICAL Maximum execution time of 90 seconds exceeded

2018-09-08T18:49:47+00:00 CRITICAL Maximum execution time of 90 seconds exceeded

2018-09-08T19:11:13+00:00 CRITICAL Uncaught Error: Call to undefined function jwstheme_title_bar() in C:\xampp\htdocs\teenitas\wp-content\themes\blance\attachment.php:6
Stack trace:
#0 C:\xampp\htdocs\teenitas\wp-includes\template-loader.php(74): include()
#1 C:\xampp\htdocs\teenitas\wp-blog-header.php(19): require_once('C:\\xampp\\htdocs...')
#2 C:\xampp\htdocs\teenitas\index.php(17): require('C:\\xampp\\htdocs...')
#3 {main}
  thrown

2018-09-08T19:56:07+00:00 CRITICAL Maximum execution time of 90 seconds exceeded

2018-09-08T19:56:38+00:00 CRITICAL Maximum execution time of 90 seconds exceeded

2018-09-08T20:01:33+00:00 CRITICAL Maximum execution time of 90 seconds exceeded

2018-09-08T20:04:59+00:00 CRITICAL Maximum execution time of 90 seconds exceeded

2018-09-08T20:12:57+00:00 CRITICAL Maximum execution time of 90 seconds exceeded

2018-09-08T20:18:51+00:00 CRITICAL Maximum execution time of 90 seconds exceeded

2018-09-08T21:20:53+00:00 CRITICAL Maximum execution time of 90 seconds exceeded

2018-09-08T21:49:00+00:00 CRITICAL Maximum execution time of 90 seconds exceeded

2018-09-08T21:49:08+00:00 CRITICAL Maximum execution time of 90 seconds exceeded

2018-09-08T21:49:35+00:00 CRITICAL Maximum execution time of 90 seconds exceeded

